Unprocessed SMS Messages Log
----------------------------
Body: <#> Dear Customer, your MTN MoMo application one-time password is :2476.MTN MoMo does not recommend that you share or expose your one-time password with anyone. Be Vigilant. RdbS6eMOXvx N/RywfrtIZL>.
Date: 26 May 2024 1:17:31 PM
Address: M-Money
----------------------------
Body: <#> Dear Customer, your MTN MoMo application one-time password is :2527.MTN MoMo does not recommend that you share or expose your one-time password with anyone. Be Vigilant. RdbS6eMOXvx N/RywfrtIZL>.
Date: 26 May 2024 1:22:16 PM
Address: M-Money
----------------------------
Body: <#> Dear Customer, your MTN MoMo application one-time password is :2900.MTN MoMo does not recommend that you share or expose your one-time password with anyone. Be Vigilant. RdbS6eMOXvx N/RywfrtIZL>.
Date: 26 May 2024 1:28:18 PM
Address: M-Money
----------------------------
Body: <#> Dear Customer, your MTN MoMo application one-time password is :9591.MTN MoMo does not recommend that you share or expose your one-time password with anyone. Be Vigilant. RdbS6eMOXvx N/RywfrtIZL>.
Date: 26 May 2024 2:50:17 PM
Address: M-Money
----------------------------
Body: <#> Dear Customer, your MTN MoMo application one-time password is :4666.MTN MoMo does not recommend that you share or expose your one-time password with anyone. Be Vigilant. RdbS6eMOXvx N/RywfrtIZL>.
Date: 26 May 2024 5:17:18 PM
Address: M-Money
----------------------------
Body: <#> Dear Customer, your MTN MoMo application one-time password is :0086.MTN MoMo does not recommend that you share or expose your one-time password with anyone. Be Vigilant. RdbS6eMOXvx N/RywfrtIZL>.
Date: 27 May 2024 6:40:02 PM
Address: M-Money
----------------------------
Body: Yello!Umaze kugura 2000Rwf(1GB)/30days igura 2,000 RWF
Date: 11 Jun 2024 6:26:18 AM
Address: M-Money
----------------------------
Body: Yello!Umaze kugura 2,000FRW(2GB) igura 2,000 RWF
Date: 19 Jun 2024 6:15:59 PM
Address: M-Money
----------------------------
Body: Yello!Umaze kugura 2,000FRW(2GB) igura 2,000 RWF
Date: 28 Jun 2024 6:00:51 PM
Address: M-Money
----------------------------
Body: Yello!Umaze kugura 500FRW(800MB) igura 500 RWF
Date: 4 Jul 2024 2:03:05 PM
Address: M-Money
----------------------------
Body: Yello!Umaze kugura 500FRW(800MB) igura 500 RWF
Date: 11 Jul 2024 9:26:00 AM
Address: M-Money
----------------------------
Body: A reversal has been initiated for your transaction to Mediatrice UWAYISENGA (250788658286) with 3000 RWF.
Date: 20 Jul 2024 9:24:12 PM
Address: M-Money
----------------------------
Body: Yello!Umaze kugura 200Rwf(50MB) igura 200 RWF
Date: 21 Jul 2024 6:19:33 PM
Address: M-Money
----------------------------
Body: Yello!Umaze kugura 500FRW(800MB) igura 500 RWF
Date: 23 Jul 2024 9:22:21 PM
Address: M-Money
----------------------------
Body: Yello!Umaze kugura 2000Rwf(1.5GB) igura 2,000 RWF
Date: 26 Jul 2024 12:10:44 AM
Address: M-Money
----------------------------
Body: Yello!Umaze kugura 3000Frw=2500Mins+100SMS igura 3,000 RWF
Date: 1 Aug 2024 1:23:54 PM
Address: M-Money
----------------------------
Body: Yello!Umaze kugura 500FRW(800MB) igura 500 RWF
Date: 1 Aug 2024 7:03:20 PM
Address: M-Money
----------------------------
Body: Yello!Umaze kugura 1000Rwf(1GB) igura 1,000 RWF
Date: 3 Aug 2024 4:42:20 PM
Address: M-Money
----------------------------
Body: Yello!Umaze kugura 200Rwf(50MB) igura 200 RWF
Date: 5 Aug 2024 5:15:33 PM
Address: M-Money
----------------------------
Body: Yello!Umaze kugura 1,000FRW(2200MB) igura 1,000 RWF
Date: 6 Aug 2024 8:22:15 PM
Address: M-Money
----------------------------
Body: Yello!Umaze kugura 1,000FRW(2200MB) igura 1,000 RWF
Date: 8 Aug 2024 9:19:26 PM
Address: M-Money
----------------------------
Body: <#> Dear Customer, your MTN MoMo application one-time password is :2632.MTN MoMo does not recommend that you share or expose your one-time password with anyone. Be Vigilant. RdbS6eMOXvx N/RywfrtIZL>.
Date: 24 Aug 2024 10:19:42 AM
Address: M-Money
----------------------------
Body: <#> Dear Customer, your MTN MoMo application one-time password is :1827.MTN MoMo does not recommend that you share or expose your one-time password with anyone. Be Vigilant. RdbS6eMOXvx N/RywfrtIZL>.
Date: 24 Aug 2024 10:23:39 AM
Address: M-Money
----------------------------
Body: Yello!Umaze kugura 5,000FRW(7GB) igura 5,000 RWF
Date: 29 Aug 2024 9:30:42 AM
Address: M-Money
----------------------------
Body: Yello!Umaze kugura 3000Frw=2500Mins+100SMS igura 3,000 RWF
Date: 11 Sep 2024 3:44:05 PM
Address: M-Money
----------------------------
Body: Yello!Umaze kugura 5,000FRW(7GB) igura 5,000 RWF
Date: 18 Sep 2024 2:17:20 PM
Address: M-Money
----------------------------
Body: *143*S*Your transaction to Mediatrice UWAYISENGA (250788658286) with 3000 RWF has been reversed at 2024-10-07 14:37:00. Your new balance is 10312 RWF. .Thank you for using MTN MobileMoney.*EN#
Date: 7 Oct 2024 2:37:09 PM
Address: M-Money
----------------------------
Body: Yello!Umaze kugura 3000Frw=2500Mins+100SMS igura 3,000 RWF
Date: 13 Oct 2024 9:37:55 AM
Address: M-Money
----------------------------
Body: Yello!Umaze kugura 2000Frw=1000Mins+50SMS igura 2,000 RWF
Date: 13 Nov 2024 2:45:31 PM
Address: M-Money
----------------------------
Body: Yello!Umaze kugura 3000Frw=2500Mins+100SMS igura 3,000 RWF
Date: 13 Dec 2024 4:30:14 PM
Address: M-Money
----------------------------
Body: Yello!Umaze kugura 3000Frw=2500Mins+100SMS igura 3,000 RWF
Date: 13 Jan 2025 2:43:07 PM
Address: M-Money
----------------------------
